# JRE version: OpenJDK Runtime Environment (8.0_152-b01) (build 1.8.0_152-release-1248-b01)
# Java VM: OpenJDK 64-Bit Server VM (25.152-b01 mixed mode windows-amd64 compressed oops)
Heap:
 PSYoungGen      total 349696K, used 186982K [0x00000000e0000000, 0x0000000100000000, 0x0000000100000000)
  eden space 175104K, 100% used [0x00000000e0000000,0x00000000eab00000,0x00000000eab00000)
  from space 174592K, 6% used [0x00000000eab00000,0x00000000eb6998a8,0x00000000f5580000)
  to   space 174592K, 17% used [0x00000000f5580000,0x00000000f74161e8,0x0000000100000000)
 ParOldGen       total 947712K, used 513144K [0x00000000a0000000, 0x00000000d9d80000, 0x00000000e0000000)
  object space 947712K, 54% used [0x00000000a0000000,0x00000000bf51e170,0x00000000d9d80000)
 Metaspace       used 128792K, capacity 137644K, committed 143744K, reserved 1175552K
  class space    used 14689K, capacity 16250K, committed 17280K, reserved 1048576K
GC Heap History (10 events):
Event: 23168.777 GC heap after
Heap after GC invocations=456 (full 41):
 PSYoungGen      total 349696K, used 29895K [0x00000000e0000000, 0x0000000100000000, 0x0000000100000000)
  eden space 175104K, 0% used [0x00000000e0000000,0x00000000e0000000,0x00000000eab00000)
  from space 174592K, 17% used [0x00000000eab00000,0x00000000ec831f00,0x00000000f5580000)
  to   space 174592K, 0% used [0x00000000f5580000,0x00000000f5580000,0x0000000100000000)
 ParOldGen       total 947712K, used 458718K [0x00000000a0000000, 0x00000000d9d80000, 0x00000000e0000000)
  object space 947712K, 48% used [0x00000000a0000000,0x00000000bbff79d8,0x00000000d9d80000)
 Metaspace       used 128774K, capacity 137638K, committed 143744K, reserved 1175552K
  class space    used 14688K, capacity 16249K, committed 17280K, reserved 1048576K
}
Event: 23169.138 GC heap before
{Heap before GC invocations=457 (full 41):
 PSYoungGen      total 349696K, used 204999K [0x00000000e0000000, 0x0000000100000000, 0x0000000100000000)
  eden space 175104K, 100% used [0x00000000e0000000,0x00000000eab00000,0x00000000eab00000)
  from space 174592K, 17% used [0x00000000eab00000,0x00000000ec831f00,0x00000000f5580000)
  to   space 174592K, 0% used [0x00000000f5580000,0x00000000f5580000,0x0000000100000000)
 ParOldGen       total 947712K, used 458718K [0x00000000a0000000, 0x00000000d9d80000, 0x00000000e0000000)
  object space 947712K, 48% used [0x00000000a0000000,0x00000000bbff79d8,0x00000000d9d80000)
 Metaspace       used 128774K, capacity 137638K, committed 143744K, reserved 1175552K
  class space    used 14688K, capacity 16249K, committed 17280K, reserved 1048576K
Event: 23169.187 GC heap after
Heap after GC invocations=457 (full 41):
 PSYoungGen      total 349696K, used 14690K [0x00000000e0000000, 0x0000000100000000, 0x0000000100000000)
  eden space 175104K, 0% used [0x00000000e0000000,0x00000000e0000000,0x00000000eab00000)
  from space 174592K, 8% used [0x00000000f5580000,0x00000000f63d8958,0x0000000100000000)
  to   space 174592K, 0% used [0x00000000eab00000,0x00000000eab00000,0x00000000f5580000)
 ParOldGen       total 947712K, used 474893K [0x00000000a0000000, 0x00000000d9d80000, 0x00000000e0000000)
  object space 947712K, 50% used [0x00000000a0000000,0x00000000bcfc3458,0x00000000d9d80000)
 Metaspace       used 128774K, capacity 137638K, committed 143744K, reserved 1175552K
  class space    used 14688K, capacity 16249K, committed 17280K, reserved 1048576K
}
Event: 23169.468 GC heap before
{Heap before GC invocations=458 (full 41):
 PSYoungGen      total 349696K, used 189794K [0x00000000e0000000, 0x0000000100000000, 0x0000000100000000)
  eden space 175104K, 100% used [0x00000000e0000000,0x00000000eab00000,0x00000000eab00000)
  from space 174592K, 8% used [0x00000000f5580000,0x00000000f63d8958,0x0000000100000000)
  to   space 174592K, 0% used [0x00000000eab00000,0x00000000eab00000,0x00000000f5580000)
 ParOldGen       total 947712K, used 474893K [0x00000000a0000000, 0x00000000d9d80000, 0x00000000e0000000)
  object space 947712K, 50% used [0x00000000a0000000,0x00000000bcfc3458,0x00000000d9d80000)
 Metaspace       used 128774K, capacity 137638K, committed 143744K, reserved 1175552K
  class space    used 14688K, capacity 16249K, committed 17280K, reserved 1048576K
Event: 23169.539 GC heap after
Heap after GC invocations=458 (full 41):
 PSYoungGen      total 349696K, used 43118K [0x00000000e0000000, 0x0000000100000000, 0x0000000100000000)
  eden space 175104K, 0% used [0x00000000e0000000,0x00000000e0000000,0x00000000eab00000)
  from space 174592K, 24% used [0x00000000eab00000,0x00000000ed51b8b8,0x00000000f5580000)
  to   space 174592K, 0% used [0x00000000f5580000,0x00000000f5580000,0x0000000100000000)
 ParOldGen       total 947712K, used 487221K [0x00000000a0000000, 0x00000000d9d80000, 0x00000000e0000000)
  object space 947712K, 51% used [0x00000000a0000000,0x00000000bdbcd6c0,0x00000000d9d80000)
 Metaspace       used 128774K, capacity 137638K, committed 143744K, reserved 1175552K
  class space    used 14688K, capacity 16249K, committed 17280K, reserved 1048576K
}
Event: 23171.697 GC heap before
{Heap before GC invocations=459 (full 41):
 PSYoungGen      total 349696K, used 217747K [0x00000000e0000000, 0x0000000100000000, 0x0000000100000000)
  eden space 175104K, 99% used [0x00000000e0000000,0x00000000eaa893e0,0x00000000eab00000)
  from space 174592K, 24% used [0x00000000eab00000,0x00000000ed51b8b8,0x00000000f5580000)
  to   space 174592K, 0% used [0x00000000f5580000,0x00000000f5580000,0x0000000100000000)
 ParOldGen       total 947712K, used 487221K [0x00000000a0000000, 0x00000000d9d80000, 0x00000000e0000000)
  object space 947712K, 51% used [0x00000000a0000000,0x00000000bdbcd6c0,0x00000000d9d80000)
 Metaspace       used 128775K, capacity 137638K, committed 143744K, reserved 1175552K
  class space    used 14688K, capacity 16249K, committed 17280K, reserved 1048576K
Event: 23171.743 GC heap after
Heap after GC invocations=459 (full 41):
 PSYoungGen      total 349696K, used 11603K [0x00000000e0000000, 0x0000000100000000, 0x0000000100000000)
  eden space 175104K, 0% used [0x00000000e0000000,0x00000000e0000000,0x00000000eab00000)
  from space 174592K, 6% used [0x00000000f5580000,0x00000000f60d4e60,0x0000000100000000)
  to   space 174592K, 0% used [0x00000000eab00000,0x00000000eab00000,0x00000000f5580000)
 ParOldGen       total 947712K, used 495429K [0x00000000a0000000, 0x00000000d9d80000, 0x00000000e0000000)
  object space 947712K, 52% used [0x00000000a0000000,0x00000000be3d1560,0x00000000d9d80000)
 Metaspace       used 128775K, capacity 137638K, committed 143744K, reserved 1175552K
  class space    used 14688K, capacity 16249K, committed 17280K, reserved 1048576K
}
Event: 23275.089 GC heap before
{Heap before GC invocations=460 (full 41):
 PSYoungGen      total 349696K, used 186707K [0x00000000e0000000, 0x0000000100000000, 0x0000000100000000)
  eden space 175104K, 100% used [0x00000000e0000000,0x00000000eab00000,0x00000000eab00000)
  from space 174592K, 6% used [0x00000000f5580000,0x00000000f60d4e60,0x0000000100000000)
  to   space 174592K, 0% used [0x00000000eab00000,0x00000000eab00000,0x00000000f5580000)
 ParOldGen       total 947712K, used 495429K [0x00000000a0000000, 0x00000000d9d80000, 0x00000000e0000000)
  object space 947712K, 52% used [0x00000000a0000000,0x00000000be3d1560,0x00000000d9d80000)
 Metaspace       used 128792K, capacity 137644K, committed 143744K, reserved 1175552K
  class space    used 14689K, capacity 16250K, committed 17280K, reserved 1048576K
Event: 23275.116 GC heap after
Heap after GC invocations=460 (full 41):
 PSYoungGen      total 349696K, used 11878K [0x00000000e0000000, 0x0000000100000000, 0x0000000100000000)
  eden space 175104K, 0% used [0x00000000e0000000,0x00000000e0000000,0x00000000eab00000)
  from space 174592K, 6% used [0x00000000eab00000,0x00000000eb6998a8,0x00000000f5580000)
  to   space 174592K, 0% used [0x00000000f5580000,0x00000000f5580000,0x0000000100000000)
 ParOldGen       total 947712K, used 502901K [0x00000000a0000000, 0x00000000d9d80000, 0x00000000e0000000)
  object space 947712K, 53% used [0x00000000a0000000,0x00000000beb1d400,0x00000000d9d80000)
 Metaspace       used 128792K, capacity 137644K, committed 143744K, reserved 1175552K
  class space    used 14689K, capacity 16250K, committed 17280K, reserved 1048576K
}
Event: 23275.617 GC heap before
{Heap before GC invocations=461 (full 41):
 PSYoungGen      total 349696K, used 186982K [0x00000000e0000000, 0x0000000100000000, 0x0000000100000000)
  eden space 175104K, 100% used [0x00000000e0000000,0x00000000eab00000,0x00000000eab00000)
  from space 174592K, 6% used [0x00000000eab00000,0x00000000eb6998a8,0x00000000f5580000)
  to   space 174592K, 0% used [0x00000000f5580000,0x00000000f5580000,0x0000000100000000)
 ParOldGen       total 947712K, used 502901K [0x00000000a0000000, 0x00000000d9d80000, 0x00000000e0000000)
  object space 947712K, 53% used [0x00000000a0000000,0x00000000beb1d400,0x00000000d9d80000)
 Metaspace       used 128792K, capacity 137644K, committed 143744K, reserved 1175552K
  class space    used 14689K, capacity 16250K, committed 17280K, reserved 1048576K

